Summary of SPARK analysis
=========================

-------------------------------------------------------------------------------------------------------
SPARK Analysis results        Total       Flow   Interval   CodePeer     Provers   Justified   Unproved
-------------------------------------------------------------------------------------------------------
Data Dependencies                 .          .          .          .           .           .          .
Flow Dependencies                 .          .          .          .           .           .          .
Initialization                    5          5          .          .           .           .          .
Non-Aliasing                      .          .          .          .           .           .          .
Run-time Checks                   8          .          .          .    7 (CVC4)           .          1
Assertions                        .          .          .          .           .           .          .
Functional Contracts              5          .          .          .    5 (CVC4)           .          .
LSP Verification                  .          .          .          .           .           .          .
-------------------------------------------------------------------------------------------------------
Total                            18    5 (28%)          .          .    12 (67%)           .     1 (6%)


Analyzed 1 unit
in unit calculator, 5 subprograms and packages out of 5 analyzed
  Calculator at calculator.ads:1 flow analyzed (0 errors, 0 checks and 0 warnings) and proved (0 checks)
  Calculator.Add at calculator.ads:5 flow analyzed (0 errors, 0 checks and 0 warnings) and proved (5 checks)
  Calculator.Divide at calculator.ads:70 flow analyzed (0 errors, 0 checks and 2 warnings) and proved (1 checks)
  Calculator.Multiply at calculator.ads:56 flow analyzed (0 errors, 0 checks and 2 warnings) and proved (1 checks)
  Calculator.Subtract at calculator.ads:31 flow analyzed (0 errors, 0 checks and 0 warnings) and not proved, 5 checks out of 6 proved
